   Compiling broken-app v0.1.0
    Finished `test` profile [unoptimized + debuginfo] target(s) in 3.14s
     Running unittests src/lib.rs

running 0 tests

test result: ok. 0 passed; 0 failed; 0 ignored; 0 measured; 0 filtered out; finished in 0.00s

     Running unittests src/bin/demo.rs

running 0 tests

test result: ok. 0 passed; 0 failed; 0 ignored; 0 measured; 0 filtered out; finished in 0.00s

     Running tests/integration.rs

running 6 tests

thread 'averages_only_positive' (9109) panicked at broken-app/tests/integration.rs:36:5:
assertion failed: (broken_app::average_positive(&nums) - 10.0).abs() < f64::EPSILON
note: run with `RUST_BACKTRACE=1` environment variable to display a backtrace
test averages_only_positive ... FAILED
test counts_non_zero_bytes ... ok
test dedup_preserves_uniques ... ok
test fib_small_numbers ... ok
test normalize_simple ... ok
test sums_even_numbers ... ok

failures:

failures:
    averages_only_positive

test result: FAILED. 5 passed; 1 failed; 0 ignored; 0 measured; 0 filtered out; finished in 0.00s

error: test failed, to rerun pass `--test integration`
