warning[E0133]: dereference of raw pointer is unsafe and requires unsafe block
  --> broken-app/src/lib.rs:60:15
   |
60 |     let val = *raw;
   |               ^^^^ dereference of raw pointer
   |
   = note: for more information, see <https://doc.rust-lang.org/edition-guide/rust-2024/unsafe-op-in-unsafe-fn.html>
   = note: raw pointers may be null, dangling or unaligned; they can violate aliasing rules and cause data races: all of these are undefined behavior
note: an unsafe function restricts its caller, but its body is safe by default
  --> broken-app/src/lib.rs:57:1
   |
57 | pub unsafe fn use_after_free() -> i32 {
   | ^^^^^^^^^^^^^^^^^^^^^^^^^^^^^^^^^^^^^
   = note: `#[warn(unsafe_op_in_unsafe_fn)]` (part of `#[warn(rust_2024_compatibility)]`) on by default

warning[E0133]: call to unsafe function `std::boxed::Box::<T>::from_raw` is unsafe and requires unsafe block
  --> broken-app/src/lib.rs:61:10
   |
61 |     drop(Box::from_raw(raw));
   |          ^^^^^^^^^^^^^^^^^^ call to unsafe function
   |
   = note: for more information, see <https://doc.rust-lang.org/edition-guide/rust-2024/unsafe-op-in-unsafe-fn.html>
   = note: consult the function's documentation for information on how to avoid undefined behavior

warning[E0133]: dereference of raw pointer is unsafe and requires unsafe block
  --> broken-app/src/lib.rs:62:11
   |
62 |     val + *raw
   |           ^^^^ dereference of raw pointer
   |
   = note: for more information, see <https://doc.rust-lang.org/edition-guide/rust-2024/unsafe-op-in-unsafe-fn.html>
   = note: raw pointers may be null, dangling or unaligned; they can violate aliasing rules and cause data races: all of these are undefined behavior

For more information about this error, try `rustc --explain E0133`.
warning: `broken-app` (lib) generated 3 warnings (run `cargo fix --lib -p broken-app` to apply 1 suggestion)
warning: `broken-app` (lib test) generated 3 warnings (3 duplicates)
    Finished `test` profile [unoptimized + debuginfo] target(s) in 0.34s
     Running unittests src/lib.rs

running 0 tests

test result: ok. 0 passed; 0 failed; 0 ignored; 0 measured; 0 filtered out; finished in 0.00s

     Running unittests src/bin/demo.rs

running 0 tests

test result: ok. 0 passed; 0 failed; 0 ignored; 0 measured; 0 filtered out; finished in 0.00s

     Running tests/integration.rs

running 6 tests

thread 'averages_only_positive' (59497) panicked at broken-app/tests/integration.rs:36:5:
assertion failed: (broken_app::average_positive(&nums) - 10.0).abs() < f64::EPSILON
note: run with `RUST_BACKTRACE=1` environment variable to display a backtrace
test counts_non_zero_bytes ... ok
test averages_only_positive ... FAILED
test dedup_preserves_uniques ... ok
test fib_small_numbers ... ok

thread 'sums_even_numbers' (59502) panicked at broken-app/src/lib.rs:11:29:
unsafe precondition(s) violated: slice::get_unchecked requires that the index is within the slice

This indicates a bug in the program. This Undefined Behavior check is optional, and cannot be relied on for safety.
thread caused non-unwinding panic. aborting.
test normalize_simple ... ok
error: test failed, to rerun pass `--test integration`
